# JRE version: Java(TM) SE Runtime Environment (8.0_161-b12) (build 1.8.0_161-b12)
# Java VM: Java HotSpot(TM) 64-Bit Server VM (25.161-b12 mixed mode windows-amd64 compressed oops)
Heap:
 PSYoungGen      total 67072K, used 6944K [0x00000000d5d00000, 0x00000000db280000, 0x0000000100000000)
  eden space 56832K, 1% used [0x00000000d5d00000,0x00000000d5e16338,0x00000000d9480000)
  from space 10240K, 56% used [0x00000000d9480000,0x00000000d9a31fc0,0x00000000d9e80000)
  to   space 10240K, 0% used [0x00000000da880000,0x00000000da880000,0x00000000db280000)
 ParOldGen       total 80896K, used 34967K [0x0000000081600000, 0x0000000086500000, 0x00000000d5d00000)
  object space 80896K, 43% used [0x0000000081600000,0x0000000083825fb8,0x0000000086500000)
 Metaspace       used 41770K, capacity 43118K, committed 43392K, reserved 1087488K
  class space    used 5261K, capacity 5641K, committed 5760K, reserved 1048576K
GC Heap History (10 events):
Event: 140.701 GC heap before
{Heap before GC invocations=23 (full 2):
 PSYoungGen      total 46592K, used 2400K [0x00000000d5d00000, 0x00000000da180000, 0x0000000100000000)
  eden space 35328K, 0% used [0x00000000d5d00000,0x00000000d5d00000,0x00000000d7f80000)
  from space 11264K, 21% used [0x00000000d7f80000,0x00000000d81d8000,0x00000000d8a80000)
  to   space 11264K, 0% used [0x00000000d9680000,0x00000000d9680000,0x00000000da180000)
 ParOldGen       total 65536K, used 30052K [0x0000000081600000, 0x0000000085600000, 0x00000000d5d00000)
  object space 65536K, 45% used [0x0000000081600000,0x0000000083359230,0x0000000085600000)
 Metaspace       used 34443K, capacity 35402K, committed 35496K, reserved 1081344K
  class space    used 4294K, capacity 4583K, committed 4608K, reserved 1048576K
Event: 140.959 GC heap after
Heap after GC invocations=23 (full 2):
 PSYoungGen      total 46592K, used 0K [0x00000000d5d00000, 0x00000000da180000, 0x0000000100000000)
  eden space 35328K, 0% used [0x00000000d5d00000,0x00000000d5d00000,0x00000000d7f80000)
  from space 11264K, 0% used [0x00000000d7f80000,0x00000000d7f80000,0x00000000d8a80000)
  to   space 11264K, 0% used [0x00000000d9680000,0x00000000d9680000,0x00000000da180000)
 ParOldGen       total 80896K, used 31204K [0x0000000081600000, 0x0000000086500000, 0x00000000d5d00000)
  object space 80896K, 38% used [0x0000000081600000,0x0000000083479348,0x0000000086500000)
 Metaspace       used 34443K, capacity 35402K, committed 35496K, reserved 1081344K
  class space    used 4294K, capacity 4583K, committed 4608K, reserved 1048576K
}
Event: 142.247 GC heap before
{Heap before GC invocations=24 (full 2):
 PSYoungGen      total 46592K, used 35328K [0x00000000d5d00000, 0x00000000da180000, 0x0000000100000000)
  eden space 35328K, 100% used [0x00000000d5d00000,0x00000000d7f80000,0x00000000d7f80000)
  from space 11264K, 0% used [0x00000000d7f80000,0x00000000d7f80000,0x00000000d8a80000)
  to   space 11264K, 0% used [0x00000000d9680000,0x00000000d9680000,0x00000000da180000)
 ParOldGen       total 80896K, used 31204K [0x0000000081600000, 0x0000000086500000, 0x00000000d5d00000)
  object space 80896K, 38% used [0x0000000081600000,0x0000000083479348,0x0000000086500000)
 Metaspace       used 36660K, capacity 37706K, committed 38016K, reserved 1083392K
  class space    used 4583K, capacity 4883K, committed 4992K, reserved 1048576K
Event: 142.288 GC heap after
Heap after GC invocations=24 (full 2):
 PSYoungGen      total 52736K, used 3062K [0x00000000d5d00000, 0x00000000d9e00000, 0x0000000100000000)
  eden space 45056K, 0% used [0x00000000d5d00000,0x00000000d5d00000,0x00000000d8900000)
  from space 7680K, 39% used [0x00000000d9680000,0x00000000d997daf8,0x00000000d9e00000)
  to   space 10752K, 0% used [0x00000000d8900000,0x00000000d8900000,0x00000000d9380000)
 ParOldGen       total 80896K, used 31212K [0x0000000081600000, 0x0000000086500000, 0x00000000d5d00000)
  object space 80896K, 38% used [0x0000000081600000,0x000000008347b348,0x0000000086500000)
 Metaspace       used 36660K, capacity 37706K, committed 38016K, reserved 1083392K
  class space    used 4583K, capacity 4883K, committed 4992K, reserved 1048576K
}
Event: 143.299 GC heap before
{Heap before GC invocations=25 (full 2):
 PSYoungGen      total 52736K, used 48118K [0x00000000d5d00000, 0x00000000d9e00000, 0x0000000100000000)
  eden space 45056K, 100% used [0x00000000d5d00000,0x00000000d8900000,0x00000000d8900000)
  from space 7680K, 39% used [0x00000000d9680000,0x00000000d997daf8,0x00000000d9e00000)
  to   space 10752K, 0% used [0x00000000d8900000,0x00000000d8900000,0x00000000d9380000)
 ParOldGen       total 80896K, used 31212K [0x0000000081600000, 0x0000000086500000, 0x00000000d5d00000)
  object space 80896K, 38% used [0x0000000081600000,0x000000008347b348,0x0000000086500000)
 Metaspace       used 37435K, capacity 38482K, committed 38528K, reserved 1083392K
  class space    used 4688K, capacity 4987K, committed 4992K, reserved 1048576K
Event: 143.313 GC heap after
Heap after GC invocations=25 (full 2):
 PSYoungGen      total 55808K, used 2044K [0x00000000d5d00000, 0x00000000daa00000, 0x0000000100000000)
  eden space 45056K, 0% used [0x00000000d5d00000,0x00000000d5d00000,0x00000000d8900000)
  from space 10752K, 19% used [0x00000000d8900000,0x00000000d8aff220,0x00000000d9380000)
  to   space 10752K, 0% used [0x00000000d9f80000,0x00000000d9f80000,0x00000000daa00000)
 ParOldGen       total 80896K, used 32093K [0x0000000081600000, 0x0000000086500000, 0x00000000d5d00000)
  object space 80896K, 39% used [0x0000000081600000,0x0000000083557728,0x0000000086500000)
 Metaspace       used 37435K, capacity 38482K, committed 38528K, reserved 1083392K
  class space    used 4688K, capacity 4987K, committed 4992K, reserved 1048576K
}
Event: 144.594 GC heap before
{Heap before GC invocations=26 (full 2):
 PSYoungGen      total 55808K, used 47100K [0x00000000d5d00000, 0x00000000daa00000, 0x0000000100000000)
  eden space 45056K, 100% used [0x00000000d5d00000,0x00000000d8900000,0x00000000d8900000)
  from space 10752K, 19% used [0x00000000d8900000,0x00000000d8aff220,0x00000000d9380000)
  to   space 10752K, 0% used [0x00000000d9f80000,0x00000000d9f80000,0x00000000daa00000)
 ParOldGen       total 80896K, used 32093K [0x0000000081600000, 0x0000000086500000, 0x00000000d5d00000)
  object space 80896K, 39% used [0x0000000081600000,0x0000000083557728,0x0000000086500000)
 Metaspace       used 37876K, capacity 38966K, committed 39168K, reserved 1083392K
  class space    used 4748K, capacity 5057K, committed 5120K, reserved 1048576K
Event: 144.614 GC heap after
Heap after GC invocations=26 (full 2):
 PSYoungGen      total 66048K, used 4371K [0x00000000d5d00000, 0x00000000da880000, 0x0000000100000000)
  eden space 56832K, 0% used [0x00000000d5d00000,0x00000000d5d00000,0x00000000d9480000)
  from space 9216K, 47% used [0x00000000d9f80000,0x00000000da3c4f18,0x00000000da880000)
  to   space 10240K, 0% used [0x00000000d9480000,0x00000000d9480000,0x00000000d9e80000)
 ParOldGen       total 80896K, used 32852K [0x0000000081600000, 0x0000000086500000, 0x00000000d5d00000)
  object space 80896K, 40% used [0x0000000081600000,0x00000000836151d0,0x0000000086500000)
 Metaspace       used 37876K, capacity 38966K, committed 39168K, reserved 1083392K
  class space    used 4748K, capacity 5057K, committed 5120K, reserved 1048576K
}
Event: 149.228 GC heap before
{Heap before GC invocations=27 (full 2):
 PSYoungGen      total 66048K, used 61203K [0x00000000d5d00000, 0x00000000da880000, 0x0000000100000000)
  eden space 56832K, 100% used [0x00000000d5d00000,0x00000000d9480000,0x00000000d9480000)
  from space 9216K, 47% used [0x00000000d9f80000,0x00000000da3c4f18,0x00000000da880000)
  to   space 10240K, 0% used [0x00000000d9480000,0x00000000d9480000,0x00000000d9e80000)
 ParOldGen       total 80896K, used 32852K [0x0000000081600000, 0x0000000086500000, 0x00000000d5d00000)
  object space 80896K, 40% used [0x0000000081600000,0x00000000836151d0,0x0000000086500000)
 Metaspace       used 41639K, capacity 42918K, committed 43008K, reserved 1087488K
  class space    used 5234K, capacity 5561K, committed 5632K, reserved 1048576K
Event: 149.242 GC heap after
Heap after GC invocations=27 (full 2):
 PSYoungGen      total 67072K, used 5831K [0x00000000d5d00000, 0x00000000db280000, 0x0000000100000000)
  eden space 56832K, 0% used [0x00000000d5d00000,0x00000000d5d00000,0x00000000d9480000)
  from space 10240K, 56% used [0x00000000d9480000,0x00000000d9a31fc0,0x00000000d9e80000)
  to   space 10240K, 0% used [0x00000000da880000,0x00000000da880000,0x00000000db280000)
 ParOldGen       total 80896K, used 34967K [0x0000000081600000, 0x0000000086500000, 0x00000000d5d00000)
  object space 80896K, 43% used [0x0000000081600000,0x0000000083825fb8,0x0000000086500000)
 Metaspace       used 41639K, capacity 42918K, committed 43008K, reserved 1087488K
  class space    used 5234K, capacity 5561K, committed 5632K, reserved 1048576K
}

