# JRE version: Java(TM) SE Runtime Environment (8.0_161-b12) (build 1.8.0_161-b12)
# Java VM: Java HotSpot(TM) 64-Bit Server VM (25.161-b12 mixed mode windows-amd64 compressed oops)
Heap:
 PSYoungGen      total 53760K, used 39996K [0x00000000d5d00000, 0x00000000d9c00000, 0x0000000100000000)
  eden space 43008K, 76% used [0x00000000d5d00000,0x00000000d7d25cc0,0x00000000d8700000)
  from space 10752K, 65% used [0x00000000d9180000,0x00000000d98693b8,0x00000000d9c00000)
  to   space 10752K, 0% used [0x00000000d8700000,0x00000000d8700000,0x00000000d9180000)
 ParOldGen       total 66560K, used 33218K [0x0000000081600000, 0x0000000085700000, 0x00000000d5d00000)
  object space 66560K, 49% used [0x0000000081600000,0x0000000083670b18,0x0000000085700000)
 Metaspace       used 46539K, capacity 48066K, committed 48256K, reserved 1091584K
  class space    used 5886K, capacity 6253K, committed 6272K, reserved 1048576K
GC Heap History (10 events):
Event: 195.607 GC heap before
{Heap before GC invocations=28 (full 2):
 PSYoungGen      total 33792K, used 28095K [0x00000000d5d00000, 0x00000000d8c80000, 0x0000000100000000)
  eden space 23552K, 100% used [0x00000000d5d00000,0x00000000d7400000,0x00000000d7400000)
  from space 10240K, 44% used [0x00000000d7400000,0x00000000d786fcd8,0x00000000d7e00000)
  to   space 9728K, 0% used [0x00000000d8300000,0x00000000d8300000,0x00000000d8c80000)
 ParOldGen       total 66560K, used 28754K [0x0000000081600000, 0x0000000085700000, 0x00000000d5d00000)
  object space 66560K, 43% used [0x0000000081600000,0x0000000083214af8,0x0000000085700000)
 Metaspace       used 38991K, capacity 40142K, committed 40320K, reserved 1085440K
  class space    used 4850K, capacity 5173K, committed 5248K, reserved 1048576K
Event: 195.613 GC heap after
Heap after GC invocations=28 (full 2):
 PSYoungGen      total 37888K, used 5289K [0x00000000d5d00000, 0x00000000d8b80000, 0x0000000100000000)
  eden space 29184K, 0% used [0x00000000d5d00000,0x00000000d5d00000,0x00000000d7980000)
  from space 8704K, 60% used [0x00000000d8300000,0x00000000d882a5d8,0x00000000d8b80000)
  to   space 9216K, 0% used [0x00000000d7980000,0x00000000d7980000,0x00000000d8280000)
 ParOldGen       total 66560K, used 28762K [0x0000000081600000, 0x0000000085700000, 0x00000000d5d00000)
  object space 66560K, 43% used [0x0000000081600000,0x0000000083216af8,0x0000000085700000)
 Metaspace       used 38991K, capacity 40142K, committed 40320K, reserved 1085440K
  class space    used 4850K, capacity 5173K, committed 5248K, reserved 1048576K
}
Event: 197.870 GC heap before
{Heap before GC invocations=29 (full 2):
 PSYoungGen      total 37888K, used 34473K [0x00000000d5d00000, 0x00000000d8b80000, 0x0000000100000000)
  eden space 29184K, 100% used [0x00000000d5d00000,0x00000000d7980000,0x00000000d7980000)
  from space 8704K, 60% used [0x00000000d8300000,0x00000000d882a5d8,0x00000000d8b80000)
  to   space 9216K, 0% used [0x00000000d7980000,0x00000000d7980000,0x00000000d8280000)
 ParOldGen       total 66560K, used 28762K [0x0000000081600000, 0x0000000085700000, 0x00000000d5d00000)
  object space 66560K, 43% used [0x0000000081600000,0x0000000083216af8,0x0000000085700000)
 Metaspace       used 39420K, capacity 40502K, committed 40576K, reserved 1085440K
  class space    used 4908K, capacity 5207K, committed 5248K, reserved 1048576K
Event: 197.881 GC heap after
Heap after GC invocations=29 (full 2):
 PSYoungGen      total 38400K, used 8269K [0x00000000d5d00000, 0x00000000d9400000, 0x0000000100000000)
  eden space 29184K, 0% used [0x00000000d5d00000,0x00000000d5d00000,0x00000000d7980000)
  from space 9216K, 89% used [0x00000000d7980000,0x00000000d81934b8,0x00000000d8280000)
  to   space 10240K, 0% used [0x00000000d8a00000,0x00000000d8a00000,0x00000000d9400000)
 ParOldGen       total 66560K, used 28770K [0x0000000081600000, 0x0000000085700000, 0x00000000d5d00000)
  object space 66560K, 43% used [0x0000000081600000,0x0000000083218af8,0x0000000085700000)
 Metaspace       used 39420K, capacity 40502K, committed 40576K, reserved 1085440K
  class space    used 4908K, capacity 5207K, committed 5248K, reserved 1048576K
}
Event: 204.461 GC heap before
{Heap before GC invocations=30 (full 2):
 PSYoungGen      total 38400K, used 37453K [0x00000000d5d00000, 0x00000000d9400000, 0x0000000100000000)
  eden space 29184K, 100% used [0x00000000d5d00000,0x00000000d7980000,0x00000000d7980000)
  from space 9216K, 89% used [0x00000000d7980000,0x00000000d81934b8,0x00000000d8280000)
  to   space 10240K, 0% used [0x00000000d8a00000,0x00000000d8a00000,0x00000000d9400000)
 ParOldGen       total 66560K, used 28770K [0x0000000081600000, 0x0000000085700000, 0x00000000d5d00000)
  object space 66560K, 43% used [0x0000000081600000,0x0000000083218af8,0x0000000085700000)
 Metaspace       used 41243K, capacity 42462K, committed 42624K, reserved 1087488K
  class space    used 5165K, capacity 5499K, committed 5504K, reserved 1048576K
Event: 204.474 GC heap after
Heap after GC invocations=30 (full 2):
 PSYoungGen      total 45568K, used 7405K [0x00000000d5d00000, 0x00000000d9500000, 0x0000000100000000)
  eden space 35328K, 0% used [0x00000000d5d00000,0x00000000d5d00000,0x00000000d7f80000)
  from space 10240K, 72% used [0x00000000d8a00000,0x00000000d913b608,0x00000000d9400000)
  to   space 10752K, 0% used [0x00000000d7f80000,0x00000000d7f80000,0x00000000d8a00000)
 ParOldGen       total 66560K, used 30362K [0x0000000081600000, 0x0000000085700000, 0x00000000d5d00000)
  object space 66560K, 45% used [0x0000000081600000,0x00000000833a6b18,0x0000000085700000)
 Metaspace       used 41243K, capacity 42462K, committed 42624K, reserved 1087488K
  class space    used 5165K, capacity 5499K, committed 5504K, reserved 1048576K
}
Event: 210.241 GC heap before
{Heap before GC invocations=31 (full 2):
 PSYoungGen      total 45568K, used 42733K [0x00000000d5d00000, 0x00000000d9500000, 0x0000000100000000)
  eden space 35328K, 100% used [0x00000000d5d00000,0x00000000d7f80000,0x00000000d7f80000)
  from space 10240K, 72% used [0x00000000d8a00000,0x00000000d913b608,0x00000000d9400000)
  to   space 10752K, 0% used [0x00000000d7f80000,0x00000000d7f80000,0x00000000d8a00000)
 ParOldGen       total 66560K, used 30362K [0x0000000081600000, 0x0000000085700000, 0x00000000d5d00000)
  object space 66560K, 45% used [0x0000000081600000,0x00000000833a6b18,0x0000000085700000)
 Metaspace       used 43050K, capacity 44472K, committed 44544K, reserved 1087488K
  class space    used 5461K, capacity 5836K, committed 5888K, reserved 1048576K
Event: 210.285 GC heap after
Heap after GC invocations=31 (full 2):
 PSYoungGen      total 46080K, used 7080K [0x00000000d5d00000, 0x00000000d9c00000, 0x0000000100000000)
  eden space 35328K, 0% used [0x00000000d5d00000,0x00000000d5d00000,0x00000000d7f80000)
  from space 10752K, 65% used [0x00000000d7f80000,0x00000000d866a068,0x00000000d8a00000)
  to   space 10752K, 0% used [0x00000000d9180000,0x00000000d9180000,0x00000000d9c00000)
 ParOldGen       total 66560K, used 32341K [0x0000000081600000, 0x0000000085700000, 0x00000000d5d00000)
  object space 66560K, 48% used [0x0000000081600000,0x0000000083595570,0x0000000085700000)
 Metaspace       used 43050K, capacity 44472K, committed 44544K, reserved 1087488K
  class space    used 5461K, capacity 5836K, committed 5888K, reserved 1048576K
}
Event: 214.073 GC heap before
{Heap before GC invocations=32 (full 2):
 PSYoungGen      total 46080K, used 42408K [0x00000000d5d00000, 0x00000000d9c00000, 0x0000000100000000)
  eden space 35328K, 100% used [0x00000000d5d00000,0x00000000d7f80000,0x00000000d7f80000)
  from space 10752K, 65% used [0x00000000d7f80000,0x00000000d866a068,0x00000000d8a00000)
  to   space 10752K, 0% used [0x00000000d9180000,0x00000000d9180000,0x00000000d9c00000)
 ParOldGen       total 66560K, used 32341K [0x0000000081600000, 0x0000000085700000, 0x00000000d5d00000)
  object space 66560K, 48% used [0x0000000081600000,0x0000000083595570,0x0000000085700000)
 Metaspace       used 45285K, capacity 46702K, committed 46848K, reserved 1089536K
  class space    used 5714K, capacity 6063K, committed 6144K, reserved 1048576K
Event: 214.099 GC heap after
Heap after GC invocations=32 (full 2):
 PSYoungGen      total 53760K, used 7076K [0x00000000d5d00000, 0x00000000d9c00000, 0x0000000100000000)
  eden space 43008K, 0% used [0x00000000d5d00000,0x00000000d5d00000,0x00000000d8700000)
  from space 10752K, 65% used [0x00000000d9180000,0x00000000d98693b8,0x00000000d9c00000)
  to   space 10752K, 0% used [0x00000000d8700000,0x00000000d8700000,0x00000000d9180000)
 ParOldGen       total 66560K, used 33218K [0x0000000081600000, 0x0000000085700000, 0x00000000d5d00000)
  object space 66560K, 49% used [0x0000000081600000,0x0000000083670b18,0x0000000085700000)
 Metaspace       used 45285K, capacity 46702K, committed 46848K, reserved 1089536K
  class space    used 5714K, capacity 6063K, committed 6144K, reserved 1048576K
}

