# JRE version: Java(TM) SE Runtime Environment (8.0_161-b12) (build 1.8.0_161-b12)
# Java VM: Java HotSpot(TM) 64-Bit Server VM (25.161-b12 mixed mode windows-amd64 compressed oops)
Heap:
 PSYoungGen      total 653312K, used 31384K [0x00000000d5d00000, 0x0000000100000000, 0x0000000100000000)
  eden space 614400K, 5% used [0x00000000d5d00000,0x00000000d7ba60d0,0x00000000fb500000)
  from space 38912K, 0% used [0x00000000fda00000,0x00000000fda00000,0x0000000100000000)
  to   space 37888K, 0% used [0x00000000fb500000,0x00000000fb500000,0x00000000fda00000)
 ParOldGen       total 140288K, used 58677K [0x0000000081600000, 0x0000000089f00000, 0x00000000d5d00000)
  object space 140288K, 41% used [0x0000000081600000,0x0000000084f4d4b0,0x0000000089f00000)
 Metaspace       used 57777K, capacity 59905K, committed 60184K, reserved 1101824K
  class space    used 7219K, capacity 7681K, committed 7808K, reserved 1048576K
GC Heap History (10 events):
Event: 20.440 GC heap before
{Heap before GC invocations=9 (full 1):
 PSYoungGen      total 285184K, used 44516K [0x00000000d5d00000, 0x00000000f4480000, 0x0000000100000000)
  eden space 266240K, 9% used [0x00000000d5d00000,0x00000000d75fdcb0,0x00000000e6100000)
  from space 18944K, 99% used [0x00000000e6100000,0x00000000e737b550,0x00000000e7380000)
  to   space 28160K, 0% used [0x00000000f2900000,0x00000000f2900000,0x00000000f4480000)
 ParOldGen       total 80896K, used 36141K [0x0000000081600000, 0x0000000086500000, 0x00000000d5d00000)
  object space 80896K, 44% used [0x0000000081600000,0x000000008394b7b0,0x0000000086500000)
 Metaspace       used 34542K, capacity 35350K, committed 35496K, reserved 1081344K
  class space    used 4228K, capacity 4525K, committed 4608K, reserved 1048576K
Event: 20.487 GC heap after
Heap after GC invocations=9 (full 1):
 PSYoungGen      total 469504K, used 20199K [0x00000000d5d00000, 0x00000000f6180000, 0x0000000100000000)
  eden space 441344K, 0% used [0x00000000d5d00000,0x00000000d5d00000,0x00000000f0c00000)
  from space 28160K, 71% used [0x00000000f2900000,0x00000000f3cb9fc8,0x00000000f4480000)
  to   space 29696K, 0% used [0x00000000f0c00000,0x00000000f0c00000,0x00000000f2900000)
 ParOldGen       total 80896K, used 36149K [0x0000000081600000, 0x0000000086500000, 0x00000000d5d00000)
  object space 80896K, 44% used [0x0000000081600000,0x000000008394d7b0,0x0000000086500000)
 Metaspace       used 34542K, capacity 35350K, committed 35496K, reserved 1081344K
  class space    used 4228K, capacity 4525K, committed 4608K, reserved 1048576K
}
Event: 20.487 GC heap before
{Heap before GC invocations=10 (full 2):
 PSYoungGen      total 469504K, used 20199K [0x00000000d5d00000, 0x00000000f6180000, 0x0000000100000000)
  eden space 441344K, 0% used [0x00000000d5d00000,0x00000000d5d00000,0x00000000f0c00000)
  from space 28160K, 71% used [0x00000000f2900000,0x00000000f3cb9fc8,0x00000000f4480000)
  to   space 29696K, 0% used [0x00000000f0c00000,0x00000000f0c00000,0x00000000f2900000)
 ParOldGen       total 80896K, used 36149K [0x0000000081600000, 0x0000000086500000, 0x00000000d5d00000)
  object space 80896K, 44% used [0x0000000081600000,0x000000008394d7b0,0x0000000086500000)
 Metaspace       used 34542K, capacity 35350K, committed 35496K, reserved 1081344K
  class space    used 4228K, capacity 4525K, committed 4608K, reserved 1048576K
Event: 20.724 GC heap after
Heap after GC invocations=10 (full 2):
 PSYoungGen      total 469504K, used 0K [0x00000000d5d00000, 0x00000000f6180000, 0x0000000100000000)
  eden space 441344K, 0% used [0x00000000d5d00000,0x00000000d5d00000,0x00000000f0c00000)
  from space 28160K, 0% used [0x00000000f2900000,0x00000000f2900000,0x00000000f4480000)
  to   space 29696K, 0% used [0x00000000f0c00000,0x00000000f0c00000,0x00000000f2900000)
 ParOldGen       total 110592K, used 41051K [0x0000000081600000, 0x0000000088200000, 0x00000000d5d00000)
  object space 110592K, 37% used [0x0000000081600000,0x0000000083e16ee8,0x0000000088200000)
 Metaspace       used 34540K, capacity 35344K, committed 35496K, reserved 1081344K
  class space    used 4228K, capacity 4524K, committed 4608K, reserved 1048576K
}
Event: 28.575 GC heap before
{Heap before GC invocations=11 (full 2):
 PSYoungGen      total 469504K, used 441344K [0x00000000d5d00000, 0x00000000f6180000, 0x0000000100000000)
  eden space 441344K, 100% used [0x00000000d5d00000,0x00000000f0c00000,0x00000000f0c00000)
  from space 28160K, 0% used [0x00000000f2900000,0x00000000f2900000,0x00000000f4480000)
  to   space 29696K, 0% used [0x00000000f0c00000,0x00000000f0c00000,0x00000000f2900000)
 ParOldGen       total 110592K, used 41051K [0x0000000081600000, 0x0000000088200000, 0x00000000d5d00000)
  object space 110592K, 37% used [0x0000000081600000,0x0000000083e16ee8,0x0000000088200000)
 Metaspace       used 56109K, capacity 58082K, committed 58240K, reserved 1099776K
  class space    used 7006K, capacity 7455K, committed 7552K, reserved 1048576K
Event: 28.627 GC heap after
Heap after GC invocations=11 (full 2):
 PSYoungGen      total 471040K, used 29684K [0x00000000d5d00000, 0x0000000100000000, 0x0000000100000000)
  eden space 441344K, 0% used [0x00000000d5d00000,0x00000000d5d00000,0x00000000f0c00000)
  from space 29696K, 99% used [0x00000000f0c00000,0x00000000f28fd128,0x00000000f2900000)
  to   space 38912K, 0% used [0x00000000fda00000,0x00000000fda00000,0x0000000100000000)
 ParOldGen       total 110592K, used 50985K [0x0000000081600000, 0x0000000088200000, 0x00000000d5d00000)
  object space 110592K, 46% used [0x0000000081600000,0x00000000847ca6d8,0x0000000088200000)
 Metaspace       used 56109K, capacity 58082K, committed 58240K, reserved 1099776K
  class space    used 7006K, capacity 7455K, committed 7552K, reserved 1048576K
}
Event: 29.003 GC heap before
{Heap before GC invocations=12 (full 2):
 PSYoungGen      total 471040K, used 43344K [0x00000000d5d00000, 0x0000000100000000, 0x0000000100000000)
  eden space 441344K, 3% used [0x00000000d5d00000,0x00000000d6a56f80,0x00000000f0c00000)
  from space 29696K, 99% used [0x00000000f0c00000,0x00000000f28fd128,0x00000000f2900000)
  to   space 38912K, 0% used [0x00000000fda00000,0x00000000fda00000,0x0000000100000000)
 ParOldGen       total 110592K, used 50985K [0x0000000081600000, 0x0000000088200000, 0x00000000d5d00000)
  object space 110592K, 46% used [0x0000000081600000,0x00000000847ca6d8,0x0000000088200000)
 Metaspace       used 57080K, capacity 59017K, committed 59160K, reserved 1101824K
  class space    used 7104K, capacity 7552K, committed 7552K, reserved 1048576K
Event: 29.035 GC heap after
Heap after GC invocations=12 (full 2):
 PSYoungGen      total 653312K, used 20099K [0x00000000d5d00000, 0x0000000100000000, 0x0000000100000000)
  eden space 614400K, 0% used [0x00000000d5d00000,0x00000000d5d00000,0x00000000fb500000)
  from space 38912K, 51% used [0x00000000fda00000,0x00000000feda0cb8,0x0000000100000000)
  to   space 37888K, 0% used [0x00000000fb500000,0x00000000fb500000,0x00000000fda00000)
 ParOldGen       total 110592K, used 50993K [0x0000000081600000, 0x0000000088200000, 0x00000000d5d00000)
  object space 110592K, 46% used [0x0000000081600000,0x00000000847cc6d8,0x0000000088200000)
 Metaspace       used 57080K, capacity 59017K, committed 59160K, reserved 1101824K
  class space    used 7104K, capacity 7552K, committed 7552K, reserved 1048576K
}
Event: 29.035 GC heap before
{Heap before GC invocations=13 (full 3):
 PSYoungGen      total 653312K, used 20099K [0x00000000d5d00000, 0x0000000100000000, 0x0000000100000000)
  eden space 614400K, 0% used [0x00000000d5d00000,0x00000000d5d00000,0x00000000fb500000)
  from space 38912K, 51% used [0x00000000fda00000,0x00000000feda0cb8,0x0000000100000000)
  to   space 37888K, 0% used [0x00000000fb500000,0x00000000fb500000,0x00000000fda00000)
 ParOldGen       total 110592K, used 50993K [0x0000000081600000, 0x0000000088200000, 0x00000000d5d00000)
  object space 110592K, 46% used [0x0000000081600000,0x00000000847cc6d8,0x0000000088200000)
 Metaspace       used 57080K, capacity 59017K, committed 59160K, reserved 1101824K
  class space    used 7104K, capacity 7552K, committed 7552K, reserved 1048576K
Event: 29.378 GC heap after
Heap after GC invocations=13 (full 3):
 PSYoungGen      total 653312K, used 0K [0x00000000d5d00000, 0x0000000100000000, 0x0000000100000000)
  eden space 614400K, 0% used [0x00000000d5d00000,0x00000000d5d00000,0x00000000fb500000)
  from space 38912K, 0% used [0x00000000fda00000,0x00000000fda00000,0x0000000100000000)
  to   space 37888K, 0% used [0x00000000fb500000,0x00000000fb500000,0x00000000fda00000)
 ParOldGen       total 140288K, used 58677K [0x0000000081600000, 0x0000000089f00000, 0x00000000d5d00000)
  object space 140288K, 41% used [0x0000000081600000,0x0000000084f4d4b0,0x0000000089f00000)
 Metaspace       used 57080K, capacity 59017K, committed 59160K, reserved 1101824K
  class space    used 7104K, capacity 7552K, committed 7552K, reserved 1048576K
}

